1.00
3.00
7.00
15.00
31.00
63.00
127.00
255.00
511.00
1023.00
2047.00
4095.00
8191.00
16383.00
32767.00
65535.00
131071.00
262143.00
524287.00
1048575.00
2097151.00
4194303.00
8388607.00
16777215.00
33554431.00
67108863.00
134217727.00
268435455.00
536870911.00
1073741823.00
2147483647.00
4294967295.00
8589934591.00
17179869183.00
34359738367.00
68719476735.00
137438953471.00
274877906943.00
549755813887.00
1099511627775.00
2199023255551.00
4398046511103.00
8796093022207.00
17592186044415.00
35184372088831.00
70368744177663.00
140737488355327.00
281474976710655.00
562949953421311.00
1125899906842623.00
